{
  "stats": {
    "suites": 1,
    "tests": 2,
    "passes": 2,
    "pending": 0,
    "failures": 0,
    "start": "2022-05-12T10:12:09.519Z",
    "end": "2022-05-12T10:12:17.438Z",
    "duration": 7919,
    "testsRegistered": 2,
    "passPercent": 100,
    "pendingPercent": 0,
    "other": 0,
    "hasOther": false,
    "skipped": 0,
    "hasSkipped": false
  },
  "results": [
    {
      "uuid": "0162529d-eb53-4f0b-b5a3-d0da15ec4071",
      "title": "",
      "fullFile": "cypress/integration/exampleTests/B/test2.spec.js",
      "file": "cypress/integration/exampleTests/B/test2.spec.js",
      "beforeHooks": [],
      "afterHooks": [],
      "tests": [],
      "suites": [
        {
          "uuid": "6a425691-a411-424b-8c6b-d7737804db79",
          "title": "Test Suite 2",
          "fullFile": "",
          "file": "",
          "beforeHooks": [],
          "afterHooks": [],
          "tests": [
            {
              "title": "Test A",
              "fullTitle": "Test Suite 2 Test A",
              "timedOut": null,
              "duration": 3348,
              "state": "passed",
              "speed": "fast",
              "pass": true,
              "fail": false,
              "pending": false,
              "context": null,
              "code": "cy.visit(\"https://www.google.com\");\ncy.contains(\"J'accepte\").click();\ncy.get('[name=\"q\"]').type('EVOLUCARE Technologies {enter}');",
              "err": {},
              "uuid": "9b2f2c85-8c41-4b0c-b607-234b2706622d",
              "parentUUID": "6a425691-a411-424b-8c6b-d7737804db79",
              "isHook": false,
              "skipped": false
            },
            {
              "title": "Test B",
              "fullTitle": "Test Suite 2 Test B",
              "timedOut": null,
              "duration": 4526,
              "state": "passed",
              "speed": "fast",
              "pass": true,
              "fail": false,
              "pending": false,
              "context": null,
              "code": "cy.visit(\"https://www.google.com\");\ncy.contains(\"J'accepte\").click();\ncy.get('[name=\"q\"]').type('EVOLUCARE Technologies {enter}');\ncy.screenshot();",
              "err": {},
              "uuid": "753261bb-07a0-4690-9285-572cfea56470",
              "parentUUID": "6a425691-a411-424b-8c6b-d7737804db79",
              "isHook": false,
              "skipped": false
            }
          ],
          "suites": [],
          "passes": [
            "9b2f2c85-8c41-4b0c-b607-234b2706622d",
            "753261bb-07a0-4690-9285-572cfea56470"
          ],
          "failures": [],
          "pending": [],
          "skipped": [],
          "duration": 7874,
          "root": false,
          "rootEmpty": false,
          "_timeout": 2000
        }
      ],
      "passes": [],
      "failures": [],
      "pending": [],
      "skipped": [],
      "duration": 0,
      "root": true,
      "rootEmpty": true,
      "_timeout": 2000
    }
  ],
  "meta": {
    "mocha": {
      "version": "7.0.1"
    },
    "mochawesome": {
      "options": {
        "quiet": false,
        "reportFilename": "[status]_[datetime]-[name]-report",
        "saveHtml": false,
        "saveJson": true,
        "consoleReporter": "spec",
        "useInlineDiffs": false,
        "code": true
      },
      "version": "7.1.3"
    },
    "marge": {
      "options": {
        "reportDir": "cypress/reports/mocha",
        "reportFilename": "[status]_[datetime]-[name]-report",
        "reportTitle": "Rapport",
        "reportPageTitle": "Tests",
        "charts": true,
        "inline": true,
        "quite": true,
        "overwrite": false,
        "html": false,
        "json": true,
        "code": true,
        "includeScreenshots": true,
        "screenshotUseRelativePath": true,
        "timestamp": "longDate"
      },
      "version": "6.2.0"
    }
  }
}