{
  "stats": {
    "suites": 1,
    "tests": 2,
    "passes": 2,
    "pending": 0,
    "failures": 0,
    "start": "2022-05-16T08:43:21.807Z",
    "end": "2022-05-16T08:43:30.136Z",
    "duration": 8329,
    "testsRegistered": 2,
    "passPercent": 100,
    "pendingPercent": 0,
    "other": 0,
    "hasOther": false,
    "skipped": 0,
    "hasSkipped": false
  },
  "results": [
    {
      "uuid": "19fdcd42-7ba9-4ea3-915b-9663b38aed69",
      "title": "",
      "fullFile": "cypress/integration/exampleTests/B/test2.spec.js",
      "file": "cypress/integration/exampleTests/B/test2.spec.js",
      "beforeHooks": [],
      "afterHooks": [],
      "tests": [],
      "suites": [
        {
          "uuid": "094ad633-8a0c-48f3-b8ef-9448b887bc73",
          "title": "Test Suite 2",
          "fullFile": "",
          "file": "",
          "beforeHooks": [],
          "afterHooks": [],
          "tests": [
            {
              "title": "Test A",
              "fullTitle": "Test Suite 2 Test A",
              "timedOut": null,
              "duration": 3525,
              "state": "passed",
              "speed": "fast",
              "pass": true,
              "fail": false,
              "pending": false,
              "context": null,
              "code": "cy.visit(\"/\");\ncy.contains(\"J'accepte\").click();\ncy.get('[name=\"q\"]').type('EVOLUCARE Technologies {enter}');",
              "err": {},
              "uuid": "ec6c3d51-47d4-4359-8614-c07b8ac640a9",
              "parentUUID": "094ad633-8a0c-48f3-b8ef-9448b887bc73",
              "isHook": false,
              "skipped": false
            },
            {
              "title": "Test B",
              "fullTitle": "Test Suite 2 Test B",
              "timedOut": null,
              "duration": 4757,
              "state": "passed",
              "speed": "fast",
              "pass": true,
              "fail": false,
              "pending": false,
              "context": null,
              "code": "cy.visit(\"https://www.google.com\");\ncy.contains(\"J'accepte\").click();\ncy.get('[name=\"q\"]').type('EVOLUCARE Technologies {enter}');\ncy.screenshot();",
              "err": {},
              "uuid": "a5abc41f-5233-4fce-ac78-d382b6e1a624",
              "parentUUID": "094ad633-8a0c-48f3-b8ef-9448b887bc73",
              "isHook": false,
              "skipped": false
            }
          ],
          "suites": [],
          "passes": [
            "ec6c3d51-47d4-4359-8614-c07b8ac640a9",
            "a5abc41f-5233-4fce-ac78-d382b6e1a624"
          ],
          "failures": [],
          "pending": [],
          "skipped": [],
          "duration": 8282,
          "root": false,
          "rootEmpty": false,
          "_timeout": 2000
        }
      ],
      "passes": [],
      "failures": [],
      "pending": [],
      "skipped": [],
      "duration": 0,
      "root": true,
      "rootEmpty": true,
      "_timeout": 2000
    }
  ],
  "meta": {
    "mocha": {
      "version": "7.0.1"
    },
    "mochawesome": {
      "options": {
        "quiet": false,
        "reportFilename": "[status]_[datetime]-[name]-report",
        "saveHtml": false,
        "saveJson": true,
        "consoleReporter": "spec",
        "useInlineDiffs": false,
        "code": true
      },
      "version": "7.1.3"
    },
    "marge": {
      "options": {
        "reportDir": "cypress/reports/mocha",
        "reportFilename": "[status]_[datetime]-[name]-report",
        "reportTitle": "Rapport",
        "reportPageTitle": "Tests",
        "charts": true,
        "inline": true,
        "quite": true,
        "overwrite": false,
        "html": false,
        "json": true,
        "code": true,
        "includeScreenshots": true,
        "screenshotUseRelativePath": true,
        "timestamp": "longDate"
      },
      "version": "6.2.0"
    }
  }
}