{
  "stats": {
    "suites": 2,
    "tests": 5,
    "passes": 4,
    "pending": 0,
    "failures": 1,
    "start": "2022-05-16T08:42:55.844Z",
    "end": "2022-05-16T08:43:30.136Z",
    "duration": 32915,
    "testsRegistered": 5,
    "passPercent": 80,
    "pendingPercent": 0,
    "other": 0,
    "hasOther": false,
    "skipped": 0,
    "hasSkipped": false
  },
  "results": [
    {
      "uuid": "b2ebe3a2-ff3e-43a6-b1fe-d0e2a83784f1",
      "title": "",
      "fullFile": "cypress/integration/exampleTests/A/test1.spec.js",
      "file": "cypress/integration/exampleTests/A/test1.spec.js",
      "beforeHooks": [],
      "afterHooks": [],
      "tests": [],
      "suites": [
        {
          "uuid": "dec57f25-92e5-48b5-8244-b2e7213b9afb",
          "title": "Test Suite 1",
          "fullFile": "",
          "file": "",
          "beforeHooks": [],
          "afterHooks": [],
          "tests": [
            {
              "title": "Test 1",
              "fullTitle": "Test Suite 1 Test 1",
              "timedOut": null,
              "duration": 15451,
              "state": "failed",
              "speed": null,
              "pass": false,
              "fail": true,
              "pending": false,
              "context": "\"assets/exampleTests/A/test1.spec.js/Test Suite 1 -- Test 1 (failed).png\"",
              "code": "aPage.acceptCookies();\naPage.makeAsearch();\naPage.verifyTheTitleOfThePage();",
              "err": {
                "message": "AssertionError: Timed out retrying after 10000ms: expected 'EVOLUCARE Technologies - Recherche Google' to equal undefined",
                "estack": "AssertionError: Timed out retrying after 10000ms: expected 'EVOLUCARE Technologies - Recherche Google' to equal undefined\n    at Apage.verifyTitleOfThePage (https://www.google.com/__cypress/tests?p=cypress\\integration\\exampleTests\\A\\test1.spec.js:272:16)\n    at Apage.verifyTheTitleOfThePage (https://www.google.com/__cypress/tests?p=cypress\\integration\\exampleTests\\A\\test1.spec.js:161:17)\n    at Context.eval (https://www.google.com/__cypress/tests?p=cypress\\integration\\exampleTests\\A\\test1.spec.js:109:11)",
                "diff": null
              },
              "uuid": "d6aa4d7d-575e-4888-a1a8-87884a078615",
              "parentUUID": "dec57f25-92e5-48b5-8244-b2e7213b9afb",
              "isHook": false,
              "skipped": false
            },
            {
              "title": "Test 2",
              "fullTitle": "Test Suite 1 Test 2",
              "timedOut": null,
              "duration": 5736,
              "state": "passed",
              "speed": "medium",
              "pass": true,
              "fail": false,
              "pending": false,
              "context": null,
              "code": "cy.screenshot();\naPage.acceptCookies();\ncy.screenshot();\naPage.makeAsearch();\ncy.screenshot();",
              "err": {},
              "uuid": "643d82a8-832d-4352-b93f-e69f55bcfa8a",
              "parentUUID": "dec57f25-92e5-48b5-8244-b2e7213b9afb",
              "isHook": false,
              "skipped": false
            },
            {
              "title": "Test 3",
              "fullTitle": "Test Suite 1 Test 3",
              "timedOut": null,
              "duration": 3446,
              "state": "passed",
              "speed": "fast",
              "pass": true,
              "fail": false,
              "pending": false,
              "context": null,
              "code": "cy.visit(\"https://www.google.com\");\ncy.contains(\"J'accepte\").click();\ncy.get('[name=\"q\"]').type(\"EVOLUCARE Technologies {enter}\");",
              "err": {},
              "uuid": "0f80490b-1a83-4075-834e-d873307c778a",
              "parentUUID": "dec57f25-92e5-48b5-8244-b2e7213b9afb",
              "isHook": false,
              "skipped": false
            }
          ],
          "suites": [],
          "passes": [
            "643d82a8-832d-4352-b93f-e69f55bcfa8a",
            "0f80490b-1a83-4075-834e-d873307c778a"
          ],
          "failures": [
            "d6aa4d7d-575e-4888-a1a8-87884a078615"
          ],
          "pending": [],
          "skipped": [],
          "duration": 24633,
          "root": false,
          "rootEmpty": false,
          "_timeout": 2000
        }
      ],
      "passes": [],
      "failures": [],
      "pending": [],
      "skipped": [],
      "duration": 0,
      "root": true,
      "rootEmpty": true,
      "_timeout": 2000
    },
    {
      "uuid": "19fdcd42-7ba9-4ea3-915b-9663b38aed69",
      "title": "",
      "fullFile": "cypress/integration/exampleTests/B/test2.spec.js",
      "file": "cypress/integration/exampleTests/B/test2.spec.js",
      "beforeHooks": [],
      "afterHooks": [],
      "tests": [],
      "suites": [
        {
          "uuid": "094ad633-8a0c-48f3-b8ef-9448b887bc73",
          "title": "Test Suite 2",
          "fullFile": "",
          "file": "",
          "beforeHooks": [],
          "afterHooks": [],
          "tests": [
            {
              "title": "Test A",
              "fullTitle": "Test Suite 2 Test A",
              "timedOut": null,
              "duration": 3525,
              "state": "passed",
              "speed": "fast",
              "pass": true,
              "fail": false,
              "pending": false,
              "context": null,
              "code": "cy.visit(\"/\");\ncy.contains(\"J'accepte\").click();\ncy.get('[name=\"q\"]').type('EVOLUCARE Technologies {enter}');",
              "err": {},
              "uuid": "ec6c3d51-47d4-4359-8614-c07b8ac640a9",
              "parentUUID": "094ad633-8a0c-48f3-b8ef-9448b887bc73",
              "isHook": false,
              "skipped": false
            },
            {
              "title": "Test B",
              "fullTitle": "Test Suite 2 Test B",
              "timedOut": null,
              "duration": 4757,
              "state": "passed",
              "speed": "fast",
              "pass": true,
              "fail": false,
              "pending": false,
              "context": null,
              "code": "cy.visit(\"https://www.google.com\");\ncy.contains(\"J'accepte\").click();\ncy.get('[name=\"q\"]').type('EVOLUCARE Technologies {enter}');\ncy.screenshot();",
              "err": {},
              "uuid": "a5abc41f-5233-4fce-ac78-d382b6e1a624",
              "parentUUID": "094ad633-8a0c-48f3-b8ef-9448b887bc73",
              "isHook": false,
              "skipped": false
            }
          ],
          "suites": [],
          "passes": [
            "ec6c3d51-47d4-4359-8614-c07b8ac640a9",
            "a5abc41f-5233-4fce-ac78-d382b6e1a624"
          ],
          "failures": [],
          "pending": [],
          "skipped": [],
          "duration": 8282,
          "root": false,
          "rootEmpty": false,
          "_timeout": 2000
        }
      ],
      "passes": [],
      "failures": [],
      "pending": [],
      "skipped": [],
      "duration": 0,
      "root": true,
      "rootEmpty": true,
      "_timeout": 2000
    }
  ],
  "meta": {
    "mocha": {
      "version": "7.0.1"
    },
    "mochawesome": {
      "options": {
        "quiet": false,
        "reportFilename": "[status]_[datetime]-[name]-report",
        "saveHtml": false,
        "saveJson": true,
        "consoleReporter": "spec",
        "useInlineDiffs": false,
        "code": true
      },
      "version": "7.1.3"
    },
    "marge": {
      "options": {
        "reportDir": "cypress/reports/mocha",
        "reportFilename": "[status]_[datetime]-[name]-report",
        "reportTitle": "Rapport",
        "reportPageTitle": "Tests",
        "charts": true,
        "inline": true,
        "quite": true,
        "overwrite": false,
        "html": false,
        "json": true,
        "code": true,
        "includeScreenshots": true,
        "screenshotUseRelativePath": true,
        "timestamp": "longDate"
      },
      "version": "6.2.0"
    }
  }
}