{
  "stats": {
    "suites": 2,
    "tests": 5,
    "passes": 4,
    "pending": 0,
    "failures": 1,
    "start": "2022-05-12T10:11:43.462Z",
    "end": "2022-05-12T10:12:17.438Z",
    "duration": 32793,
    "testsRegistered": 5,
    "passPercent": 80,
    "pendingPercent": 0,
    "other": 0,
    "hasOther": false,
    "skipped": 0,
    "hasSkipped": false
  },
  "results": [
    {
      "uuid": "080aabde-4677-4816-aafd-1daff64b9cbe",
      "title": "",
      "fullFile": "cypress/integration/exampleTests/A/test1.spec.js",
      "file": "cypress/integration/exampleTests/A/test1.spec.js",
      "beforeHooks": [],
      "afterHooks": [],
      "tests": [],
      "suites": [
        {
          "uuid": "58be0b79-10c1-499e-bd47-a3c0b9c9588d",
          "title": "Test Suite 1",
          "fullFile": "",
          "file": "",
          "beforeHooks": [],
          "afterHooks": [],
          "tests": [
            {
              "title": "Test 1",
              "fullTitle": "Test Suite 1 Test 1",
              "timedOut": null,
              "duration": 15529,
              "state": "failed",
              "speed": null,
              "pass": false,
              "fail": true,
              "pending": false,
              "context": "\"assets/exampleTests/A/test1.spec.js/Test Suite 1 -- Test 1 (failed).png\"",
              "code": "aPage.acceptCookies();\naPage.makeAsearch();\naPage.verifyTheTitleOfThePage();",
              "err": {
                "message": "AssertionError: Timed out retrying after 10000ms: expected 'EVOLUCARE Technologies - Recherche Google' to equal undefined",
                "estack": "AssertionError: Timed out retrying after 10000ms: expected 'EVOLUCARE Technologies - Recherche Google' to equal undefined\n    at Apage.verifyTitleOfThePage (https://www.google.com/__cypress/tests?p=cypress\\integration\\exampleTests\\A\\test1.spec.js:272:16)\n    at Apage.verifyTheTitleOfThePage (https://www.google.com/__cypress/tests?p=cypress\\integration\\exampleTests\\A\\test1.spec.js:161:17)\n    at Context.eval (https://www.google.com/__cypress/tests?p=cypress\\integration\\exampleTests\\A\\test1.spec.js:109:11)",
                "diff": null
              },
              "uuid": "e3ecd68e-88fd-4ef9-8067-16fc3bcf6cae",
              "parentUUID": "58be0b79-10c1-499e-bd47-a3c0b9c9588d",
              "isHook": false,
              "skipped": false
            },
            {
              "title": "Test 2",
              "fullTitle": "Test Suite 1 Test 2",
              "timedOut": null,
              "duration": 5865,
              "state": "passed",
              "speed": "medium",
              "pass": true,
              "fail": false,
              "pending": false,
              "context": null,
              "code": "cy.screenshot();\naPage.acceptCookies();\ncy.screenshot();\naPage.makeAsearch();\ncy.screenshot();",
              "err": {},
              "uuid": "638303a2-46e3-41c5-a9bc-6c1ba1b9c436",
              "parentUUID": "58be0b79-10c1-499e-bd47-a3c0b9c9588d",
              "isHook": false,
              "skipped": false
            },
            {
              "title": "Test 3",
              "fullTitle": "Test Suite 1 Test 3",
              "timedOut": null,
              "duration": 3525,
              "state": "passed",
              "speed": "fast",
              "pass": true,
              "fail": false,
              "pending": false,
              "context": null,
              "code": "cy.visit(\"https://www.google.com\");\ncy.contains(\"J'accepte\").click();\ncy.get('[name=\"q\"]').type(\"EVOLUCARE Technologies {enter}\");",
              "err": {},
              "uuid": "53300c33-32b3-41a7-ad37-351ce019c701",
              "parentUUID": "58be0b79-10c1-499e-bd47-a3c0b9c9588d",
              "isHook": false,
              "skipped": false
            }
          ],
          "suites": [],
          "passes": [
            "638303a2-46e3-41c5-a9bc-6c1ba1b9c436",
            "53300c33-32b3-41a7-ad37-351ce019c701"
          ],
          "failures": [
            "e3ecd68e-88fd-4ef9-8067-16fc3bcf6cae"
          ],
          "pending": [],
          "skipped": [],
          "duration": 24919,
          "root": false,
          "rootEmpty": false,
          "_timeout": 2000
        }
      ],
      "passes": [],
      "failures": [],
      "pending": [],
      "skipped": [],
      "duration": 0,
      "root": true,
      "rootEmpty": true,
      "_timeout": 2000
    },
    {
      "uuid": "0162529d-eb53-4f0b-b5a3-d0da15ec4071",
      "title": "",
      "fullFile": "cypress/integration/exampleTests/B/test2.spec.js",
      "file": "cypress/integration/exampleTests/B/test2.spec.js",
      "beforeHooks": [],
      "afterHooks": [],
      "tests": [],
      "suites": [
        {
          "uuid": "6a425691-a411-424b-8c6b-d7737804db79",
          "title": "Test Suite 2",
          "fullFile": "",
          "file": "",
          "beforeHooks": [],
          "afterHooks": [],
          "tests": [
            {
              "title": "Test A",
              "fullTitle": "Test Suite 2 Test A",
              "timedOut": null,
              "duration": 3348,
              "state": "passed",
              "speed": "fast",
              "pass": true,
              "fail": false,
              "pending": false,
              "context": null,
              "code": "cy.visit(\"https://www.google.com\");\ncy.contains(\"J'accepte\").click();\ncy.get('[name=\"q\"]').type('EVOLUCARE Technologies {enter}');",
              "err": {},
              "uuid": "9b2f2c85-8c41-4b0c-b607-234b2706622d",
              "parentUUID": "6a425691-a411-424b-8c6b-d7737804db79",
              "isHook": false,
              "skipped": false
            },
            {
              "title": "Test B",
              "fullTitle": "Test Suite 2 Test B",
              "timedOut": null,
              "duration": 4526,
              "state": "passed",
              "speed": "fast",
              "pass": true,
              "fail": false,
              "pending": false,
              "context": null,
              "code": "cy.visit(\"https://www.google.com\");\ncy.contains(\"J'accepte\").click();\ncy.get('[name=\"q\"]').type('EVOLUCARE Technologies {enter}');\ncy.screenshot();",
              "err": {},
              "uuid": "753261bb-07a0-4690-9285-572cfea56470",
              "parentUUID": "6a425691-a411-424b-8c6b-d7737804db79",
              "isHook": false,
              "skipped": false
            }
          ],
          "suites": [],
          "passes": [
            "9b2f2c85-8c41-4b0c-b607-234b2706622d",
            "753261bb-07a0-4690-9285-572cfea56470"
          ],
          "failures": [],
          "pending": [],
          "skipped": [],
          "duration": 7874,
          "root": false,
          "rootEmpty": false,
          "_timeout": 2000
        }
      ],
      "passes": [],
      "failures": [],
      "pending": [],
      "skipped": [],
      "duration": 0,
      "root": true,
      "rootEmpty": true,
      "_timeout": 2000
    }
  ],
  "meta": {
    "mocha": {
      "version": "7.0.1"
    },
    "mochawesome": {
      "options": {
        "quiet": false,
        "reportFilename": "[status]_[datetime]-[name]-report",
        "saveHtml": false,
        "saveJson": true,
        "consoleReporter": "spec",
        "useInlineDiffs": false,
        "code": true
      },
      "version": "7.1.3"
    },
    "marge": {
      "options": {
        "reportDir": "cypress/reports/mocha",
        "reportFilename": "[status]_[datetime]-[name]-report",
        "reportTitle": "Rapport",
        "reportPageTitle": "Tests",
        "charts": true,
        "inline": true,
        "quite": true,
        "overwrite": false,
        "html": false,
        "json": true,
        "code": true,
        "includeScreenshots": true,
        "screenshotUseRelativePath": true,
        "timestamp": "longDate"
      },
      "version": "6.2.0"
    }
  }
}